[DEBUG] 2024-08-09 19:51:43.652 [http-nio-8001-exec-8] SimpleUrlHandlerMapping - Mapped to ResourceHttpRequestHandler [classpath [META-INF/resources/], classpath [resources/], classpath [static/], classpath [public/], ServletContext [/]]
[DEBUG] 2024-08-09 19:51:43.658 [http-nio-8001-exec-2] DispatcherServlet - Completed 200 OK
[DEBUG] 2024-08-09 19:51:43.658 [http-nio-8001-exec-3] DispatcherServlet - GET "/assets/vendor/charts/sparkline/jquery.sparkline.js", parameters={}
[DEBUG] 2024-08-09 19:51:43.658 [http-nio-8001-exec-4] DispatcherServlet - Completed 200 OK
[DEBUG] 2024-08-09 19:51:43.659 [http-nio-8001-exec-7] DispatcherServlet - Completed 200 OK
[DEBUG] 2024-08-09 19:51:43.658 [http-nio-8001-exec-8] DispatcherServlet - Completed 200 OK
[DEBUG] 2024-08-09 19:51:43.659 [http-nio-8001-exec-3] SimpleUrlHandlerMapping - Mapped to ResourceHttpRequestHandler [classpath [META-INF/resources/], classpath [resources/], classpath [static/], classpath [public/], ServletContext [/]]
[DEBUG] 2024-08-09 19:51:43.659 [http-nio-8001-exec-9] DispatcherServlet - Completed 200 OK
[DEBUG] 2024-08-09 19:51:43.659 [http-nio-8001-exec-2] DispatcherServlet - GET "/assets/vendor/charts/morris-bundle/raphael.min.js", parameters={}
[DEBUG] 2024-08-09 19:51:43.660 [http-nio-8001-exec-2] SimpleUrlHandlerMapping - Mapped to ResourceHttpRequestHandler [classpath [META-INF/resources/], classpath [resources/], classpath [static/], classpath [public/], ServletContext [/]]
[DEBUG] 2024-08-09 19:51:43.660 [http-nio-8001-exec-3] DispatcherServlet - Completed 200 OK
[DEBUG] 2024-08-09 19:51:43.660 [http-nio-8001-exec-2] DispatcherServlet - Completed 200 OK
[DEBUG] 2024-08-09 19:51:43.667 [http-nio-8001-exec-6] DispatcherServlet - GET "/assets/vendor/charts/morris-bundle/morris.js", parameters={}
[DEBUG] 2024-08-09 19:51:43.670 [http-nio-8001-exec-6] SimpleUrlHandlerMapping - Mapped to ResourceHttpRequestHandler [classpath [META-INF/resources/], classpath [resources/], classpath [static/], classpath [public/], ServletContext [/]]
[DEBUG] 2024-08-09 19:51:43.670 [http-nio-8001-exec-5] DispatcherServlet - GET "/assets/vendor/charts/c3charts/c3.min.js", parameters={}
[DEBUG] 2024-08-09 19:51:43.670 [http-nio-8001-exec-1] DispatcherServlet - GET "/assets/vendor/charts/c3charts/d3-5.4.0.min.js", parameters={}
[DEBUG] 2024-08-09 19:51:43.671 [http-nio-8001-exec-7] DispatcherServlet - GET "/assets/libs/js/dashboard-ecommerce.js", parameters={}
[DEBUG] 2024-08-09 19:51:43.671 [http-nio-8001-exec-1] SimpleUrlHandlerMapping - Mapped to ResourceHttpRequestHandler [classpath [META-INF/resources/], classpath [resources/], classpath [static/], classpath [public/], ServletContext [/]]
[DEBUG] 2024-08-09 19:51:43.671 [http-nio-8001-exec-10] DispatcherServlet - GET "/assets/vendor/charts/c3charts/C3chartjs.js", parameters={}
[DEBUG] 2024-08-09 19:51:43.671 [http-nio-8001-exec-5] SimpleUrlHandlerMapping - Mapped to ResourceHttpRequestHandler [classpath [META-INF/resources/], classpath [resources/], classpath [static/], classpath [public/], ServletContext [/]]
[DEBUG] 2024-08-09 19:51:43.671 [http-nio-8001-exec-10] SimpleUrlHandlerMapping - Mapped to ResourceHttpRequestHandler [classpath [META-INF/resources/], classpath [resources/], classpath [static/], classpath [public/], ServletContext [/]]
[DEBUG] 2024-08-09 19:51:43.672 [http-nio-8001-exec-7] SimpleUrlHandlerMapping - Mapped to ResourceHttpRequestHandler [classpath [META-INF/resources/], classpath [resources/], classpath [static/], classpath [public/], ServletContext [/]]
[DEBUG] 2024-08-09 19:51:43.672 [http-nio-8001-exec-6] DispatcherServlet - Completed 200 OK
[DEBUG] 2024-08-09 19:51:43.672 [http-nio-8001-exec-4] DispatcherServlet - GET "/assets/libs/js/validation.js", parameters={}
[DEBUG] 2024-08-09 19:51:43.673 [http-nio-8001-exec-5] DispatcherServlet - Completed 200 OK
[DEBUG] 2024-08-09 19:51:43.673 [http-nio-8001-exec-4] SimpleUrlHandlerMapping - Mapped to ResourceHttpRequestHandler [classpath [META-INF/resources/], classpath [resources/], classpath [static/], classpath [public/], ServletContext [/]]
[DEBUG] 2024-08-09 19:51:43.674 [http-nio-8001-exec-7] DispatcherServlet - Completed 200 OK
[DEBUG] 2024-08-09 19:51:43.674 [http-nio-8001-exec-5] DispatcherServlet - GET "/assets/vendor/datepicker/moment.js", parameters={}
[DEBUG] 2024-08-09 19:51:43.674 [http-nio-8001-exec-1] DispatcherServlet - Completed 200 OK
[DEBUG] 2024-08-09 19:51:43.675 [http-nio-8001-exec-5] SimpleUrlHandlerMapping - Mapped to ResourceHttpRequestHandler [classpath [META-INF/resources/], classpath [resources/], classpath [static/], classpath [public/], ServletContext [/]]
[DEBUG] 2024-08-09 19:51:43.678 [http-nio-8001-exec-4] DispatcherServlet - Completed 200 OK
[DEBUG] 2024-08-09 19:51:43.678 [http-nio-8001-exec-10] DispatcherServlet - Completed 200 OK
[DEBUG] 2024-08-09 19:51:43.673 [http-nio-8001-exec-6] DispatcherServlet - GET "/assets/vendor/datepicker/tempusdominus-bootstrap-4.js", parameters={}
[DEBUG] 2024-08-09 19:51:43.679 [http-nio-8001-exec-5] DispatcherServlet - Completed 200 OK
[DEBUG] 2024-08-09 19:51:43.679 [http-nio-8001-exec-6] SimpleUrlHandlerMapping - Mapped to ResourceHttpRequestHandler [classpath [META-INF/resources/], classpath [resources/], classpath [static/], classpath [public/], ServletContext [/]]
