[DEBUG] 2024-08-09 19:58:04.494 [http-nio-8001-exec-6] DispatcherServlet - GET "/assets/vendor/slimscroll/jquery.slimscroll.js", parameters={}
[DEBUG] 2024-08-09 19:58:04.494 [http-nio-8001-exec-8] DispatcherServlet - Completed 200 OK
[DEBUG] 2024-08-09 19:58:04.495 [http-nio-8001-exec-3] DispatcherServlet - Completed 200 OK
[DEBUG] 2024-08-09 19:58:04.495 [http-nio-8001-exec-10] DispatcherServlet - Completed 200 OK
[DEBUG] 2024-08-09 19:58:04.497 [http-nio-8001-exec-3] DispatcherServlet - GET "/assets/vendor/charts/morris-bundle/raphael.min.js", parameters={}
[DEBUG] 2024-08-09 19:58:04.497 [http-nio-8001-exec-1] DispatcherServlet - Completed 200 OK
[DEBUG] 2024-08-09 19:58:04.497 [http-nio-8001-exec-3] SimpleUrlHandlerMapping - Mapped to ResourceHttpRequestHandler [classpath [META-INF/resources/], classpath [resources/], classpath [static/], classpath [public/], ServletContext [/]]
[DEBUG] 2024-08-09 19:58:04.497 [http-nio-8001-exec-10] DispatcherServlet - GET "/assets/vendor/charts/morris-bundle/morris.js", parameters={}
[DEBUG] 2024-08-09 19:58:04.497 [http-nio-8001-exec-6] SimpleUrlHandlerMapping - Mapped to ResourceHttpRequestHandler [classpath [META-INF/resources/], classpath [resources/], classpath [static/], classpath [public/], ServletContext [/]]
[DEBUG] 2024-08-09 19:58:04.497 [http-nio-8001-exec-9] DispatcherServlet - GET "/assets/vendor/charts/chartist-bundle/chartist.min.js", parameters={}
[DEBUG] 2024-08-09 19:58:04.497 [http-nio-8001-exec-8] DispatcherServlet - GET "/assets/vendor/charts/sparkline/jquery.sparkline.js", parameters={}
[DEBUG] 2024-08-09 19:58:04.498 [http-nio-8001-exec-1] DispatcherServlet - GET "/assets/vendor/charts/c3charts/c3.min.js", parameters={}
[DEBUG] 2024-08-09 19:58:04.498 [http-nio-8001-exec-10] SimpleUrlHandlerMapping - Mapped to ResourceHttpRequestHandler [classpath [META-INF/resources/], classpath [resources/], classpath [static/], classpath [public/], ServletContext [/]]
[DEBUG] 2024-08-09 19:58:04.498 [http-nio-8001-exec-8] SimpleUrlHandlerMapping - Mapped to ResourceHttpRequestHandler [classpath [META-INF/resources/], classpath [resources/], classpath [static/], classpath [public/], ServletContext [/]]
[DEBUG] 2024-08-09 19:58:04.498 [http-nio-8001-exec-1] SimpleUrlHandlerMapping - Mapped to ResourceHttpRequestHandler [classpath [META-INF/resources/], classpath [resources/], classpath [static/], classpath [public/], ServletContext [/]]
[DEBUG] 2024-08-09 19:58:04.498 [http-nio-8001-exec-9] SimpleUrlHandlerMapping - Mapped to ResourceHttpRequestHandler [classpath [META-INF/resources/], classpath [resources/], classpath [static/], classpath [public/], ServletContext [/]]
[DEBUG] 2024-08-09 19:58:04.499 [http-nio-8001-exec-6] DispatcherServlet - Completed 200 OK
[DEBUG] 2024-08-09 19:58:04.500 [http-nio-8001-exec-3] DispatcherServlet - Completed 200 OK
[DEBUG] 2024-08-09 19:58:04.502 [http-nio-8001-exec-9] DispatcherServlet - Completed 200 OK
[DEBUG] 2024-08-09 19:58:04.503 [http-nio-8001-exec-3] DispatcherServlet - GET "/assets/vendor/charts/c3charts/d3-5.4.0.min.js", parameters={}
[DEBUG] 2024-08-09 19:58:04.508 [http-nio-8001-exec-10] DispatcherServlet - Completed 200 OK
[DEBUG] 2024-08-09 19:58:04.503 [http-nio-8001-exec-9] DispatcherServlet - GET "/assets/vendor/fonts/circular-std/CircularStd-Medium.woff", parameters={}
[DEBUG] 2024-08-09 19:58:04.512 [http-nio-8001-exec-5] DispatcherServlet - GET "/assets/vendor/charts/c3charts/C3chartjs.js", parameters={}
[DEBUG] 2024-08-09 19:58:04.514 [http-nio-8001-exec-9] SimpleUrlHandlerMapping - Mapped to ResourceHttpRequestHandler [classpath [META-INF/resources/], classpath [resources/], classpath [static/], classpath [public/], ServletContext [/]]
[DEBUG] 2024-08-09 19:58:04.514 [http-nio-8001-exec-5] SimpleUrlHandlerMapping - Mapped to ResourceHttpRequestHandler [classpath [META-INF/resources/], classpath [resources/], classpath [static/], classpath [public/], ServletContext [/]]
[DEBUG] 2024-08-09 19:58:04.514 [http-nio-8001-exec-3] SimpleUrlHandlerMapping - Mapped to ResourceHttpRequestHandler [classpath [META-INF/resources/], classpath [resources/], classpath [static/], classpath [public/], ServletContext [/]]
[DEBUG] 2024-08-09 19:58:04.515 [http-nio-8001-exec-10] DispatcherServlet - GET "/assets/libs/js/dashboard-ecommerce.js", parameters={}
[DEBUG] 2024-08-09 19:58:04.515 [http-nio-8001-exec-8] DispatcherServlet - Completed 200 OK
[DEBUG] 2024-08-09 19:58:04.517 [http-nio-8001-exec-10] SimpleUrlHandlerMapping - Mapped to ResourceHttpRequestHandler [classpath [META-INF/resources/], classpath [resources/], classpath [static/], classpath [public/], ServletContext [/]]
[DEBUG] 2024-08-09 19:58:04.517 [http-nio-8001-exec-1] DispatcherServlet - Completed 200 OK
[DEBUG] 2024-08-09 19:58:04.518 [http-nio-8001-exec-8] DispatcherServlet - GET "/assets/libs/js/validation.js", parameters={}
[DEBUG] 2024-08-09 19:58:04.519 [http-nio-8001-exec-5] DispatcherServlet - Completed 200 OK
[DEBUG] 2024-08-09 19:58:04.520 [http-nio-8001-exec-1] DispatcherServlet - GET "/assets/vendor/datepicker/tempusdominus-bootstrap-4.js", parameters={}
[DEBUG] 2024-08-09 19:58:04.520 [http-nio-8001-exec-8] SimpleUrlHandlerMapping - Mapped to ResourceHttpRequestHandler [classpath [META-INF/resources/], classpath [resources/], classpath [static/], classpath [public/], ServletContext [/]]
