[INFO ] 2024-08-09 20:19:08.992 [background-preinit] Version - HV000001: Hibernate Validator 6.2.5.Final
[INFO ] 2024-08-09 20:19:09.007 [restartedMain] AccountingApplication - Starting AccountingApplication using Java 18.0.2 on Zhuldyzs-MacBook-Air.local with PID 93606 (/Users/zhuldyzmizina/IdeaProjects/java-version-updates-part4/5/grp-5-6-project/target/classes started by zhuldyzmizina in /Users/zhuldyzmizina/IdeaProjects/java-version-updates-part4/5/grp-5-6-project)
[INFO ] 2024-08-09 20:19:09.009 [restartedMain] AccountingApplication - No active profile set, falling back to 1 default profile: "default"
[INFO ] 2024-08-09 20:19:09.025 [restartedMain] DevToolsPropertyDefaultsPostProcessor - Devtools property defaults active! Set 'spring.devtools.add-properties' to 'false' to disable
[INFO ] 2024-08-09 20:19:09.025 [restartedMain] DevToolsPropertyDefaultsPostProcessor - For additional web related logging consider setting the 'logging.level.web' property to 'DEBUG'
[INFO ] 2024-08-09 20:19:09.316 [restartedMain] RepositoryConfigurationDelegate - Bootstrapping Spring Data JPA repositories in DEFAULT mode.
[INFO ] 2024-08-09 20:19:09.347 [restartedMain] RepositoryConfigurationDelegate - Finished Spring Data repository scanning in 27 ms. Found 10 JPA repository interfaces.
[INFO ] 2024-08-09 20:19:09.439 [restartedMain] GenericScope - BeanFactory id=dc5a19f1-bce0-3b83-840f-d80ec290f79e
[INFO ] 2024-08-09 20:19:09.816 [restartedMain] TomcatWebServer - Tomcat initialized with port(s): 8001 (http)
[INFO ] 2024-08-09 20:19:09.823 [restartedMain] Http11NioProtocol - Initializing ProtocolHandler ["http-nio-8001"]
[INFO ] 2024-08-09 20:19:09.823 [restartedMain] StandardService - Starting service [Tomcat]
[INFO ] 2024-08-09 20:19:09.823 [restartedMain] StandardEngine - Starting Servlet engine: [Apache Tomcat/9.0.83]
[INFO ] 2024-08-09 20:19:09.855 [restartedMain] [/] - Initializing Spring embedded WebApplicationContext
[INFO ] 2024-08-09 20:19:09.855 [restartedMain] ServletWebServerApplicationContext - Root WebApplicationContext: initialization completed in 830 ms
[INFO ] 2024-08-09 20:19:09.920 [restartedMain] LogHelper - HHH000204: Processing PersistenceUnitInfo [name: default]
[INFO ] 2024-08-09 20:19:09.943 [restartedMain] Version - HHH000412: Hibernate ORM core version 5.6.15.Final
[INFO ] 2024-08-09 20:19:10.006 [restartedMain] Version - HCANN000001: Hibernate Commons Annotations {5.1.2.Final}
[INFO ] 2024-08-09 20:19:10.049 [restartedMain] HikariDataSource - HikariPool-1 - Starting...
[INFO ] 2024-08-09 20:19:10.117 [restartedMain] HikariDataSource - HikariPool-1 - Start completed.
[INFO ] 2024-08-09 20:19:10.125 [restartedMain] Dialect - HHH000400: Using dialect: org.hibernate.dialect.PostgreSQLDialect
[INFO ] 2024-08-09 20:19:10.496 [restartedMain] JtaPlatformInitiator - HHH000490: Using JtaPlatform implementation: [org.hibernate.engine.transaction.jta.platform.internal.NoJtaPlatform]
[INFO ] 2024-08-09 20:19:10.500 [restartedMain] LocalContainerEntityManagerFactoryBean - Initialized JPA EntityManagerFactory for persistence unit 'default'
[WARN ] 2024-08-09 20:19:10.900 [restartedMain] JpaBaseConfiguration$JpaWebConfiguration - spring.jpa.open-in-view is enabled by default. Therefore, database queries may be performed during view rendering. Explicitly configure spring.jpa.open-in-view to disable this warning
[INFO ] 2024-08-09 20:19:10.942 [restartedMain] OptionalLiveReloadServer - LiveReload server is running on port 35729
[INFO ] 2024-08-09 20:19:11.134 [restartedMain] DefaultSecurityFilterChain - Will secure any request with [org.springframework.security.web.session.DisableEncodeUrlFilter@2d2b6d5d, org.springframework.security.web.context.request.async.WebAsyncManagerIntegrationFilter@2f1870eb, org.springframework.security.web.context.SecurityContextPersistenceFilter@2bca2ef7, org.springframework.security.web.header.HeaderWriterFilter@1dec4829, org.springframework.security.web.csrf.CsrfFilter@68751e33, org.springframework.security.web.authentication.logout.LogoutFilter@544ead1e, org.springframework.security.web.authentication.UsernamePasswordAuthenticationFilter@70d356ef, org.springframework.security.web.savedrequest.RequestCacheAwareFilter@5cf14eb6, org.springframework.security.web.servletapi.SecurityContextHolderAwareRequestFilter@4547df8e, org.springframework.security.web.authentication.rememberme.RememberMeAuthenticationFilter@2849dec4, org.springframework.security.web.authentication.AnonymousAuthenticationFilter@350a72c3, org.springframework.security.web.session.SessionManagementFilter@3555abbe, org.springframework.security.web.access.ExceptionTranslationFilter@1d827632, org.springframework.security.web.access.intercept.FilterSecurityInterceptor@5b1f378]
[DEBUG] 2024-08-09 20:19:11.174 [restartedMain] RequestMappingHandlerAdapter - ControllerAdvice beans: 0 @ModelAttribute, 0 @InitBinder, 1 RequestBodyAdvice, 1 ResponseBodyAdvice
[DEBUG] 2024-08-09 20:19:11.212 [restartedMain] RequestMappingHandlerMapping - 62 mappings in 'requestMappingHandlerMapping'
[DEBUG] 2024-08-09 20:19:11.220 [restartedMain] SimpleUrlHandlerMapping - Patterns [/, /login, /dashboard, /users/list, /companies/list, /clientVendors/list, /categories/list, /products/list, /purchaseInvoices/list, /salesInvoices/list] in 'viewControllerHandlerMapping'
