[DEBUG] 2024-08-09 19:57:48.478 [http-nio-8001-exec-7] SimpleUrlHandlerMapping - Mapped to ResourceHttpRequestHandler [classpath [META-INF/resources/], classpath [resources/], classpath [static/], classpath [public/], ServletContext [/]]
[DEBUG] 2024-08-09 19:57:48.480 [http-nio-8001-exec-8] DispatcherServlet - Completed 200 OK
[DEBUG] 2024-08-09 19:57:48.478 [http-nio-8001-exec-9] DispatcherServlet - GET "/assets/vendor/bootstrap/js/bootstrap.bundle.js", parameters={}
[DEBUG] 2024-08-09 19:57:48.480 [http-nio-8001-exec-8] DispatcherServlet - GET "/assets/libs/js/main-js.js", parameters={}
[DEBUG] 2024-08-09 19:57:48.480 [http-nio-8001-exec-8] SimpleUrlHandlerMapping - Mapped to ResourceHttpRequestHandler [classpath [META-INF/resources/], classpath [resources/], classpath [static/], classpath [public/], ServletContext [/]]
[DEBUG] 2024-08-09 19:57:48.484 [http-nio-8001-exec-10] DispatcherServlet - Completed 200 OK
[DEBUG] 2024-08-09 19:57:48.484 [http-nio-8001-exec-9] SimpleUrlHandlerMapping - Mapped to ResourceHttpRequestHandler [classpath [META-INF/resources/], classpath [resources/], classpath [static/], classpath [public/], ServletContext [/]]
[DEBUG] 2024-08-09 19:57:48.487 [http-nio-8001-exec-8] DispatcherServlet - Completed 200 OK
[DEBUG] 2024-08-09 19:57:48.488 [http-nio-8001-exec-8] DispatcherServlet - GET "/assets/vendor/fonts/circular-std/CircularStd-Medium.woff", parameters={}
[DEBUG] 2024-08-09 19:57:48.488 [http-nio-8001-exec-10] DispatcherServlet - GET "/assets/vendor/charts/chartist-bundle/chartist.min.js", parameters={}
[DEBUG] 2024-08-09 19:57:48.489 [http-nio-8001-exec-10] SimpleUrlHandlerMapping - Mapped to ResourceHttpRequestHandler [classpath [META-INF/resources/], classpath [resources/], classpath [static/], classpath [public/], ServletContext [/]]
[DEBUG] 2024-08-09 19:57:48.489 [http-nio-8001-exec-8] SimpleUrlHandlerMapping - Mapped to ResourceHttpRequestHandler [classpath [META-INF/resources/], classpath [resources/], classpath [static/], classpath [public/], ServletContext [/]]
[DEBUG] 2024-08-09 19:57:48.484 [http-nio-8001-exec-3] DispatcherServlet - Completed 200 OK
[DEBUG] 2024-08-09 19:57:48.490 [http-nio-8001-exec-7] DispatcherServlet - Completed 200 OK
[DEBUG] 2024-08-09 19:57:48.497 [http-nio-8001-exec-5] DispatcherServlet - GET "/assets/vendor/slimscroll/jquery.slimscroll.js", parameters={}
[DEBUG] 2024-08-09 19:57:48.497 [http-nio-8001-exec-7] DispatcherServlet - GET "/assets/vendor/charts/morris-bundle/raphael.min.js", parameters={}
[DEBUG] 2024-08-09 19:57:48.498 [http-nio-8001-exec-5] SimpleUrlHandlerMapping - Mapped to ResourceHttpRequestHandler [classpath [META-INF/resources/], classpath [resources/], classpath [static/], classpath [public/], ServletContext [/]]
[DEBUG] 2024-08-09 19:57:48.498 [http-nio-8001-exec-3] DispatcherServlet - GET "/assets/vendor/charts/sparkline/jquery.sparkline.js", parameters={}
[DEBUG] 2024-08-09 19:57:48.499 [http-nio-8001-exec-3] SimpleUrlHandlerMapping - Mapped to ResourceHttpRequestHandler [classpath [META-INF/resources/], classpath [resources/], classpath [static/], classpath [public/], ServletContext [/]]
[DEBUG] 2024-08-09 19:57:48.499 [http-nio-8001-exec-7] SimpleUrlHandlerMapping - Mapped to ResourceHttpRequestHandler [classpath [META-INF/resources/], classpath [resources/], classpath [static/], classpath [public/], ServletContext [/]]
[DEBUG] 2024-08-09 19:57:48.501 [http-nio-8001-exec-8] DispatcherServlet - Completed 200 OK
[DEBUG] 2024-08-09 19:57:48.501 [http-nio-8001-exec-10] DispatcherServlet - Completed 200 OK
[DEBUG] 2024-08-09 19:57:48.504 [http-nio-8001-exec-10] DispatcherServlet - GET "/assets/vendor/charts/c3charts/c3.min.js", parameters={}
[DEBUG] 2024-08-09 19:57:48.504 [http-nio-8001-exec-8] DispatcherServlet - GET "/assets/vendor/charts/morris-bundle/morris.js", parameters={}
[DEBUG] 2024-08-09 19:57:48.504 [http-nio-8001-exec-5] DispatcherServlet - Completed 200 OK
[DEBUG] 2024-08-09 19:57:48.506 [http-nio-8001-exec-8] SimpleUrlHandlerMapping - Mapped to ResourceHttpRequestHandler [classpath [META-INF/resources/], classpath [resources/], classpath [static/], classpath [public/], ServletContext [/]]
[DEBUG] 2024-08-09 19:57:48.508 [http-nio-8001-exec-10] SimpleUrlHandlerMapping - Mapped to ResourceHttpRequestHandler [classpath [META-INF/resources/], classpath [resources/], classpath [static/], classpath [public/], ServletContext [/]]
[DEBUG] 2024-08-09 19:57:48.508 [http-nio-8001-exec-9] DispatcherServlet - Completed 200 OK
[DEBUG] 2024-08-09 19:57:48.510 [http-nio-8001-exec-3] DispatcherServlet - Completed 200 OK
[DEBUG] 2024-08-09 19:57:48.511 [http-nio-8001-exec-8] DispatcherServlet - Completed 200 OK
[DEBUG] 2024-08-09 19:57:48.512 [http-nio-8001-exec-7] DispatcherServlet - Completed 200 OK
[DEBUG] 2024-08-09 19:57:48.512 [http-nio-8001-exec-10] DispatcherServlet - Completed 200 OK
[DEBUG] 2024-08-09 19:57:48.516 [http-nio-8001-exec-1] DispatcherServlet - GET "/assets/vendor/charts/c3charts/d3-5.4.0.min.js", parameters={}
[DEBUG] 2024-08-09 19:57:48.517 [http-nio-8001-exec-1] SimpleUrlHandlerMapping - Mapped to ResourceHttpRequestHandler [classpath [META-INF/resources/], classpath [resources/], classpath [static/], classpath [public/], ServletContext [/]]
